[debug] [2025-01-07T12:12:39.512Z] ----------------------------------------------------------------------
[debug] [2025-01-07T12:12:39.517Z] Command:       C:\Program Files\nodejs\node.exe C:\Users\Lenovo\AppData\Roaming\npm\node_modules\firebase-tools\lib\bin\firebase.js init hosting
[debug] [2025-01-07T12:12:39.517Z] CLI Version:   13.29.1
[debug] [2025-01-07T12:12:39.517Z] Platform:      win32
[debug] [2025-01-07T12:12:39.518Z] Node Version:  v22.12.0
[debug] [2025-01-07T12:12:39.518Z] Time:          Tue Jan 07 2025 17:42:39 GMT+0530 (India Standard Time)
[debug] [2025-01-07T12:12:39.518Z] ----------------------------------------------------------------------
[debug] 
[debug] [2025-01-07T12:12:39.685Z] > command requires scopes: ["email","openid","https://www.googleapis.com/auth/cloudplatformprojects.readonly","https://www.googleapis.com/auth/firebase","https://www.googleapis.com/auth/cloud-platform"]
[debug] [2025-01-07T12:12:39.685Z] > authorizing via signed-in user (deekshainfogentech@gmail.com)
[info] 
     ######## #### ########  ######## ########     ###     ######  ########
     ##        ##  ##     ## ##       ##     ##  ##   ##  ##       ##
     ######    ##  ########  ######   ########  #########  ######  ######
     ##        ##  ##    ##  ##       ##     ## ##     ##       ## ##
     ##       #### ##     ## ######## ########  ##     ##  ######  ########

You're about to initialize a Firebase project in this directory:

  C:\Users\Lenovo\Downloads\MERN-Stack-E-Commerce-Website-main (1)\MERN-Stack-E-Commerce-Website-main\client

Before we get started, keep in mind:

  * You are initializing within an existing Firebase project directory

[info] 
=== Project Setup
[info] 
[info] First, let's associate this project directory with a Firebase project.
[info] You can create multiple project aliases by running firebase use --add, 
[info] but for now we'll just set up a default project.
[info] 
[debug] [2025-01-07T12:12:43.486Z] Using project from CLI flag: ecommerce-mu
[debug] [2025-01-07T12:12:43.489Z] Checked if tokens are valid: true, expires at: 1736254863779
[debug] [2025-01-07T12:12:43.489Z] Checked if tokens are valid: true, expires at: 1736254863779
[debug] [2025-01-07T12:12:43.491Z] >>> [apiv2][query] GET https://firebase.googleapis.com/v1beta1/projects/ecommerce-mu [none]
[debug] [2025-01-07T12:12:44.089Z] <<< [apiv2][status] GET https://firebase.googleapis.com/v1beta1/projects/ecommerce-mu 200
[debug] [2025-01-07T12:12:44.089Z] <<< [apiv2][body] GET https://firebase.googleapis.com/v1beta1/projects/ecommerce-mu {"projectId":"ecommerce-mu","projectNumber":"465286996949","displayName":"ecommerce-mu","name":"projects/ecommerce-mu","resources":{"hostingSite":"ecommerce-mu"},"state":"ACTIVE","etag":"1_a1de1650-c022-4eb4-b62a-996290251a91"}
[info] i  Using project ecommerce-mu (ecommerce-mu) 
[info] 
=== Hosting Setup
[debug] [2025-01-07T12:12:44.097Z] Checked if tokens are valid: true, expires at: 1736254863779
[debug] [2025-01-07T12:12:44.097Z] Checked if tokens are valid: true, expires at: 1736254863779
[debug] [2025-01-07T12:12:44.097Z] >>> [apiv2][query] GET https://firebase.googleapis.com/v1beta1/projects/ecommerce-mu [none]
[debug] [2025-01-07T12:12:44.504Z] <<< [apiv2][status] GET https://firebase.googleapis.com/v1beta1/projects/ecommerce-mu 200
[debug] [2025-01-07T12:12:44.504Z] <<< [apiv2][body] GET https://firebase.googleapis.com/v1beta1/projects/ecommerce-mu {"projectId":"ecommerce-mu","projectNumber":"465286996949","displayName":"ecommerce-mu","name":"projects/ecommerce-mu","resources":{"hostingSite":"ecommerce-mu"},"state":"ACTIVE","etag":"1_a1de1650-c022-4eb4-b62a-996290251a91"}
[info] 
[info] Your public directory is the folder (relative to your project directory) that
[info] will contain Hosting assets to be uploaded with firebase deploy. If you
[info] have a build process for your assets, use your build's output directory.
[info] 
[debug] [2025-01-07T12:13:52.941Z] >>> [apiv2][query] GET https://www.gstatic.com/firebasejs/releases.json [none]
[debug] [2025-01-07T12:13:53.184Z] <<< [apiv2][status] GET https://www.gstatic.com/firebasejs/releases.json 200
[debug] [2025-01-07T12:13:53.184Z] <<< [apiv2][body] GET https://www.gstatic.com/firebasejs/releases.json {"current":{"version":"11.1.0","browserURL":"https://www.gstatic.com/firebasejs/11.1.0/firebase.js","packageURL":"https://www.gstatic.com/firebasejs/11.1.0/firebase.tgz"},"live":{"version":"11.1","browserURL":"https://www.gstatic.com/firebasejs/live/11.1/firebase.js","packageURL":"https://www.gstatic.com/firebasejs/live/11.1/firebase.tgz"},"components":{"analytics":"https://www.gstatic.com/firebasejs/11.1.0/firebase-analytics.js","app":"https://www.gstatic.com/firebasejs/11.1.0/firebase-app.js","app-check":"https://www.gstatic.com/firebasejs/11.1.0/firebase-app-check.js","auth":"https://www.gstatic.com/firebasejs/11.1.0/firebase-auth.js","auth/cordova":"https://www.gstatic.com/firebasejs/11.1.0/firebase-auth/cordova.js","auth/web-extension":"https://www.gstatic.com/firebasejs/11.1.0/firebase-auth/web-extension.js","functions":"https://www.gstatic.com/firebasejs/11.1.0/firebase-functions.js","firestore":"https://www.gstatic.com/firebasejs/11.1.0/firebase-firestore.js","firestore/lite":"https://www.gstatic.com/firebasejs/11.1.0/firebase-firestore/lite.js","installations":"https://www.gstatic.com/firebasejs/11.1.0/firebase-installations.js","storage":"https://www.gstatic.com/firebasejs/11.1.0/firebase-storage.js","performance":"https://www.gstatic.com/firebasejs/11.1.0/firebase-performance.js","remote-config":"https://www.gstatic.com/firebasejs/11.1.0/firebase-remote-config.js","messaging":"https://www.gstatic.com/firebasejs/11.1.0/firebase-messaging.js","messaging/sw":"https://www.gstatic.com/firebasejs/11.1.0/firebase-messaging/sw.js","database":"https://www.gstatic.com/firebasejs/11.1.0/firebase-database.js","vertexai":"https://www.gstatic.com/firebasejs/11.1.0/firebase-vertexai.js","data-connect":"https://www.gstatic.com/firebasejs/11.1.0/firebase-data-connect.js","firestore.memory":"https://www.gstatic.com/firebasejs/11.1.0/firebase-firestore.memory.js"}}
[info] +  Wrote y/index.html 
[info] 
[info] i  Detected a .git folder at C:\Users\Lenovo\Downloads\MERN-Stack-E-Commerce-Website-main (1)\MERN-Stack-E-Commerce-Website-main 
[info] i  Authorizing with GitHub to upload your service account to a GitHub repository's secrets store. 
[info] 
[info] Visit this URL on this device to log in:
[info] https://github.com/login/oauth/authorize?client_id=89cf50f02ac6aaed3484&state=177999764&redirect_uri=http%3A%2F%2Flocalhost%3A9005&scope=read%3Auser%20repo%20public_repo
[info] 
[info] Waiting for authentication...
[debug] [2025-01-07T12:14:19.043Z] >>> [apiv2][query] POST https://github.com/login/oauth/access_token [none]
[debug] [2025-01-07T12:14:19.044Z] >>> [apiv2][body] POST https://github.com/login/oauth/access_token [stream]
[debug] [2025-01-07T12:14:19.601Z] <<< [apiv2][status] POST https://github.com/login/oauth/access_token 200
[debug] [2025-01-07T12:14:19.601Z] <<< [apiv2][body] POST https://github.com/login/oauth/access_token {"access_token":"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","token_type":"bearer","scope":"read:user,repo"}
[debug] [2025-01-07T12:14:19.749Z] >>> [apiv2][query] GET https://api.github.com/user [none]
[debug] [2025-01-07T12:14:20.313Z] <<< [apiv2][status] GET https://api.github.com/user 200
[debug] [2025-01-07T12:14:20.314Z] <<< [apiv2][body] GET https://api.github.com/user {"login":"infogentech99","id":191947510,"node_id":"U_kgDOC3Di9g","avatar_url":"https://avatars.githubusercontent.com/u/191947510?v=4","gravatar_id":"","url":"https://api.github.com/users/infogentech99","html_url":"https://github.com/infogentech99","followers_url":"https://api.github.com/users/infogentech99/followers","following_url":"https://api.github.com/users/infogentech99/following{/other_user}","gists_url":"https://api.github.com/users/infogentech99/gists{/gist_id}","starred_url":"https://api.github.com/users/infogentech99/starred{/owner}{/repo}","subscriptions_url":"https://api.github.com/users/infogentech99/subscriptions","organizations_url":"https://api.github.com/users/infogentech99/orgs","repos_url":"https://api.github.com/users/infogentech99/repos","events_url":"https://api.github.com/users/infogentech99/events{/privacy}","received_events_url":"https://api.github.com/users/infogentech99/received_events","type":"User","user_view_type":"private","site_admin":false,"name":null,"company":null,"blog":"","location":null,"email":null,"hireable":null,"bio":null,"twitter_username":null,"notification_email":null,"public_repos":0,"public_gists":0,"followers":0,"following":0,"created_at":"2024-12-17T05:46:26Z","updated_at":"2025-01-07T12:14:11Z","private_gists":0,"total_private_repos":6,"owned_private_repos":6,"disk_usage":4098,"collaborators":0,"two_factor_authentication":false,"plan":{"name":"free","space":976562499,"collaborators":0,"private_repos":10000}}
[info] 
[info] +  Success! Logged into GitHub as infogentech99 
[info] 
